<?xml version="1.0" encoding="UTF-8"?>
<!-- Generated by org.testng.reporters.JUnitReportReporter -->
<testsuite hostname="LAPTOP-V6D8BAFB" failures="0" tests="1" name="testCases.TC002_LoginTest" time="2.609" errors="0" timestamp="2024-08-27T18:16:21 IST" skipped="0">
  <testcase classname="testCases.TC002_LoginTest" name="verify_login" time="2.609"/>
</testsuite> <!-- testCases.TC002_LoginTest -->
